03/28 07:59:54 INFO License Service: Flex 1.5 CF Edition enabled
03/28 07:59:54 INFO Starting Flex 1.5 CF Edition
03/28 07:59:59 INFO Macromedia Flex Build: 87315.134646
03/28 08:42:24 INFO License Service: Flex 1.5 CF Edition enabled
03/28 08:42:24 INFO Starting Flex 1.5 CF Edition
03/28 08:42:28 INFO Macromedia Flex Build: 87315.134646
03/28 10:08:36 INFO License Service: Flex 1.5 CF Edition enabled
03/28 10:08:36 INFO Starting Flex 1.5 CF Edition
03/28 10:08:41 INFO Macromedia Flex Build: 87315.134646
03/28 10:37:19 INFO License Service: Flex 1.5 CF Edition enabled
03/28 10:37:19 INFO Starting Flex 1.5 CF Edition
03/28 10:37:24 INFO Macromedia Flex Build: 87315.134646
03/28 12:09:11 INFO License Service: Flex 1.5 CF Edition enabled
03/28 12:09:11 INFO Starting Flex 1.5 CF Edition
03/28 12:09:15 INFO Macromedia Flex Build: 87315.134646
03/28 18:01:01 INFO License Service: Flex 1.5 CF Edition enabled
03/28 18:01:01 INFO Starting Flex 1.5 CF Edition
03/28 18:01:05 INFO Macromedia Flex Build: 87315.134646
03/30 10:58:26 INFO License Service: Flex 1.5 CF Edition enabled
03/30 10:58:26 INFO Starting Flex 1.5 CF Edition
03/30 10:58:31 INFO Macromedia Flex Build: 87315.134646
04/02 12:16:48 INFO License Service: Flex 1.5 CF Edition enabled
04/02 12:16:48 INFO Starting Flex 1.5 CF Edition
04/02 12:16:53 INFO Macromedia Flex Build: 87315.134646
04/03 13:05:51 INFO License Service: Flex 1.5 CF Edition enabled
04/03 13:05:51 INFO Starting Flex 1.5 CF Edition
04/03 13:05:55 INFO Macromedia Flex Build: 87315.134646
04/04 19:40:17 INFO License Service: Flex 1.5 CF Edition enabled
04/04 19:40:17 INFO Starting Flex 1.5 CF Edition
04/04 19:40:26 INFO Macromedia Flex Build: 87315.134646
04/05 17:02:29 INFO License Service: Flex 1.5 CF Edition enabled
04/05 17:02:29 INFO Starting Flex 1.5 CF Edition
04/05 17:02:34 INFO Macromedia Flex Build: 87315.134646
04/06 08:54:46 INFO License Service: Flex 1.5 CF Edition enabled
04/06 08:54:46 INFO Starting Flex 1.5 CF Edition
04/06 08:54:51 INFO Macromedia Flex Build: 87315.134646
04/09 14:54:35 INFO License Service: Flex 1.5 CF Edition enabled
04/09 14:54:35 INFO Starting Flex 1.5 CF Edition
04/09 14:54:40 INFO Macromedia Flex Build: 87315.134646
04/11 11:52:26 INFO License Service: Flex 1.5 CF Edition enabled
04/11 11:52:26 INFO Starting Flex 1.5 CF Edition
04/11 11:52:31 INFO Macromedia Flex Build: 87315.134646
04/11 12:10:50 INFO License Service: Flex 1.5 CF Edition enabled
04/11 12:10:50 INFO Starting Flex 1.5 CF Edition
04/11 12:10:57 INFO Macromedia Flex Build: 87315.134646
04/12 18:25:30 INFO License Service: Flex 1.5 CF Edition enabled
04/12 18:25:30 INFO Starting Flex 1.5 CF Edition
04/12 18:25:34 INFO Macromedia Flex Build: 87315.134646
04/13 17:55:29 INFO License Service: Flex 1.5 CF Edition enabled
04/13 17:55:29 INFO Starting Flex 1.5 CF Edition
04/13 17:55:33 INFO Macromedia Flex Build: 87315.134646
04/15 20:29:23 INFO License Service: Flex 1.5 CF Edition enabled
04/15 20:29:23 INFO Starting Flex 1.5 CF Edition
04/15 20:29:28 INFO Macromedia Flex Build: 87315.134646
04/18 15:36:51 INFO License Service: Flex 1.5 CF Edition enabled
04/18 15:36:51 INFO Starting Flex 1.5 CF Edition
04/18 15:36:55 INFO Macromedia Flex Build: 87315.134646
04/24 09:20:35 INFO License Service: Flex 1.5 CF Edition enabled
04/24 09:20:35 INFO Starting Flex 1.5 CF Edition
04/24 09:20:40 INFO Macromedia Flex Build: 87315.134646
11/07 14:09:13 INFO License Service: Flex 1.5 CF Edition enabled
11/07 14:09:13 INFO Starting Flex 1.5 CF Edition
11/07 14:09:20 INFO Macromedia Flex Build: 87315.134646
12/03 23:54:55 INFO License Service: Flex 1.5 CF Edition enabled
12/03 23:54:55 INFO Starting Flex 1.5 CF Edition
12/03 23:55:06 INFO Macromedia Flex Build: 87315.134646
12/04 11:08:16 INFO License Service: Flex 1.5 CF Edition enabled
12/04 11:08:16 INFO Starting Flex 1.5 CF Edition
12/04 11:08:32 INFO Macromedia Flex Build: 87315.134646
12/10 13:42:27 INFO License Service: Flex 1.5 CF Edition enabled
12/10 13:42:27 INFO Starting Flex 1.5 CF Edition
12/10 13:42:59 INFO Macromedia Flex Build: 87315.134646
01/10 15:34:03 INFO License Service: Flex 1.5 CF Edition enabled
01/10 15:34:03 INFO Starting Flex 1.5 CF Edition
01/10 15:34:18 INFO Macromedia Flex Build: 87315.134646
01/11 12:34:30 INFO License Service: Flex 1.5 CF Edition enabled
01/11 12:34:30 INFO Starting Flex 1.5 CF Edition
01/11 12:34:40 INFO Macromedia Flex Build: 87315.134646
01/13 12:34:55 INFO License Service: Flex 1.5 CF Edition enabled
01/13 12:34:55 INFO Starting Flex 1.5 CF Edition
01/13 12:35:10 INFO Macromedia Flex Build: 87315.134646
01/13 13:13:28 INFO License Service: Flex 1.5 CF Edition enabled
01/13 13:13:28 INFO Starting Flex 1.5 CF Edition
01/13 13:13:35 INFO Macromedia Flex Build: 87315.134646
01/13 17:24:46 INFO License Service: Flex 1.5 CF Edition enabled
01/13 17:24:46 INFO Starting Flex 1.5 CF Edition
01/13 17:24:56 INFO Macromedia Flex Build: 87315.134646
01/14 11:38:57 INFO License Service: Flex 1.5 CF Edition enabled
01/14 11:38:57 INFO Starting Flex 1.5 CF Edition
01/14 11:39:23 INFO Macromedia Flex Build: 87315.134646
01/16 00:41:29 INFO License Service: Flex 1.5 CF Edition enabled
01/16 00:41:29 INFO Starting Flex 1.5 CF Edition
01/16 00:41:45 INFO Macromedia Flex Build: 87315.134646
